<?xml version="1.0" encoding="UTF-8" ?>
<testsuite tests="22" failures="0" name="pap.DatabaseTest" time="20.488" errors="0" skipped="0">
  <properties>
    <property name="idea.version" value="2018.3.4"/>
    <property name="java.runtime.name" value="Java(TM) SE Runtime Environment"/>
    <property name="java.vm.version" value="14.0.2+12-46"/>
    <property name="sun.boot.library.path" value="C:\Program Files\Java\jdk-14.0.2\bin"/>
    <property name="maven.multiModuleProjectDirectory" value="C:\Users\Julka\Desktop\papProjekt\etap4\pap-javafx"/>
    <property name="java.vm.vendor" value="Oracle Corporation"/>
    <property name="java.vendor.url" value="https://java.oracle.com/"/>
    <property name="guice.disable.misplaced.annotation.check" value="true"/>
    <property name="path.separator" value=";"/>
    <property name="java.vm.name" value="Java HotSpot(TM) 64-Bit Server VM"/>
    <property name="idea.launcher.port" value="58364"/>
    <property name="sun.os.patch.level" value=""/>
    <property name="user.script" value=""/>
    <property name="user.country" value="PL"/>
    <property name="sun.java.launcher" value="SUN_STANDARD"/>
    <property name="java.vm.specification.name" value="Java Virtual Machine Specification"/>
    <property name="user.dir" value="C:\Users\Julka\Desktop\papProjekt\etap4\pap-javafx"/>
    <property name="java.vm.compressedOopsMode" value="32-bit"/>
    <property name="java.runtime.version" value="14.0.2+12-46"/>
    <property name="os.arch" value="amd64"/>
    <property name="java.io.tmpdir" value="C:\Users\Julka\AppData\Local\Temp\"/>
    <property name="line.separator" value="
"/>
    <property name="java.vm.specification.vendor" value="Oracle Corporation"/>
    <property name="user.variant" value=""/>
    <property name="os.name" value="Windows 10"/>
    <property name="classworlds.conf" value="C:\Users\Julka\Desktop\pulpit2\java\IntelliJ IDEA Community Edition 2018.3.4\plugins\maven\lib\maven3\bin\m2.conf"/>
    <property name="sun.jnu.encoding" value="Cp1250"/>
    <property name="java.library.path" value="C:\Program Files\Java\jdk-14.0.2\bin;C:\WINDOWS\Sun\Java\bin;C:\WINDOWS\system32;C:\WINDOWS;C:\oraclexe\app\oracle\product\11.2.0\server\bin;;C:\PROGRA~2\Borland\CBUILD~1\Bin;C:\PROGRA~2\Borland\CBUILD~1\Projects\Bpl;C:\Program Files (x86)\Common Files\Oracle\Java\javapath;C:\WINDOWS\system32;C:\WINDOWS;C:\WINDOWS\System32\Wbem;C:\WINDOWS\System32\WindowsPowerShell\v1.0\;C:\WINDOWS\System32\OpenSSH\;C:\Program Files\Java\jdk1.8.0_201\bin;C:\Program Files (x86)\Intel\Intel(R) Management Engine Components\DAL;C:\Program Files\Intel\Intel(R) Management Engine Components\DAL;C:\Program Files\PuTTY\;C:\Program Files\Git\cmd;C:\Program Files\Java\jdk-14.0.2\bin;C:\Users\Julka\AppData\Local\Programs\Python\Python38-32\Scripts\;C:\Users\Julka\AppData\Local\Programs\Python\Python38-32\;C:\Users\Julka\AppData\Local\Microsoft\WindowsApps;C:\Program Files\JetBrains\CLion 2020.1.1\bin;;C:\Program Files (x86)\GnuWin32\bin;C:\MinGW\bin;C:\Users\Julka\AppData\Local\bin\NASM;;C:\Users\Julka\AppData\Local\Programs\Microsoft VS Code\bin;."/>
    <property name="jdk.debug" value="release"/>
    <property name="java.class.version" value="58.0"/>
    <property name="java.specification.name" value="Java Platform API Specification"/>
    <property name="sun.management.compiler" value="HotSpot 64-Bit Tiered Compilers"/>
    <property name="os.version" value="10.0"/>
    <property name="user.home" value="C:\Users\Julka"/>
    <property name="user.timezone" value="Europe/Warsaw"/>
    <property name="idea.launcher.bin.path" value="C:\Users\Julka\Desktop\pulpit2\java\IntelliJ IDEA Community Edition 2018.3.4\bin"/>
    <property name="file.encoding" value="UTF-8"/>
    <property name="java.specification.version" value="14"/>
    <property name="user.name" value="Julka"/>
    <property name="java.class.path" value="C:\Users\Julka\Desktop\pulpit2\java\IntelliJ IDEA Community Edition 2018.3.4\plugins\maven\lib\maven3\boot\plexus-classworlds-2.5.2.jar;C:\Users\Julka\Desktop\pulpit2\java\IntelliJ IDEA Community Edition 2018.3.4\lib\idea_rt.jar"/>
    <property name="java.vm.specification.version" value="14"/>
    <property name="sun.arch.data.model" value="64"/>
    <property name="sun.java.command" value="com.intellij.rt.execution.application.AppMainV2 org.codehaus.classworlds.Launcher -Didea.version=2018.3.4 test"/>
    <property name="java.home" value="C:\Program Files\Java\jdk-14.0.2"/>
    <property name="user.language" value="pl"/>
    <property name="java.specification.vendor" value="Oracle Corporation"/>
    <property name="java.vm.info" value="mixed mode, sharing"/>
    <property name="java.version" value="14.0.2"/>
    <property name="java.vendor" value="Oracle Corporation"/>
    <property name="maven.home" value="C:\Users\Julka\Desktop\pulpit2\java\IntelliJ IDEA Community Edition 2018.3.4\plugins\maven\lib\maven3"/>
    <property name="file.separator" value="\"/>
    <property name="java.version.date" value="2020-07-14"/>
    <property name="java.vendor.url.bug" value="https://bugreport.java.com/bugreport/"/>
    <property name="sun.io.unicode.encoding" value="UnicodeLittle"/>
    <property name="sun.cpu.endian" value="little"/>
    <property name="sun.cpu.isalist" value="amd64"/>
  </properties>
  <testcase classname="pap.DatabaseTest" name="addItem" time="3.814"/>
  <testcase classname="pap.DatabaseTest" name="addUser" time="1.486"/>
  <testcase classname="pap.DatabaseTest" name="login1" time="0.887"/>
  <testcase classname="pap.DatabaseTest" name="getProducent" time="0.751"/>
  <testcase classname="pap.DatabaseTest" name="saveDepartment" time="1.684"/>
  <testcase classname="pap.DatabaseTest" name="empConnection" time="0.774"/>
  <testcase classname="pap.DatabaseTest" name="connection" time="0.739"/>
  <testcase classname="pap.DatabaseTest" name="saveAddress" time="1.898"/>
  <testcase classname="pap.DatabaseTest" name="setConnection" time="0.423"/>
  <testcase classname="pap.DatabaseTest" name="closeConnection" time="0.512"/>
  <testcase classname="pap.DatabaseTest" name="adrConnection" time="0.608"/>
  <testcase classname="pap.DatabaseTest" name="getDepartments" time="0.597"/>
  <testcase classname="pap.DatabaseTest" name="login" time="0.492"/>
  <testcase classname="pap.DatabaseTest" name="addEmployee" time="1.082"/>
  <testcase classname="pap.DatabaseTest" name="emplConnection" time="0.946"/>
  <testcase classname="pap.DatabaseTest" name="addAddress" time="0.401"/>
  <testcase classname="pap.DatabaseTest" name="addDepartment" time="0.947"/>
  <testcase classname="pap.DatabaseTest" name="connectionSelected" time="0.524"/>
  <testcase classname="pap.DatabaseTest" name="empConnectionSelected" time="0.463"/>
  <testcase classname="pap.DatabaseTest" name="departmentsConnection" time="0.489"/>
  <testcase classname="pap.DatabaseTest" name="getManager" time="0.502"/>
  <testcase classname="pap.DatabaseTest" name="deptConnection" time="0.469"/>
</testsuite>